<?xml version="1.0" encoding="UTF-8"?>
<!-- Generated by org.testng.reporters.JUnitReportReporter -->
<testsuite hostname="Gulshan" failures="0" tests="1" name="batchExecution.Zomato" time="13.883" errors="0" timestamp="19 Apr 2024 09:35:04 GMT" skipped="0">
  <testcase classname="batchExecution.Zomato" name="zomato" time="13.883"/>
</testsuite> <!-- batchExecution.Zomato -->
