<?xml version="1.0" encoding="UTF-8"?>
<!-- Generated by org.testng.reporters.JUnitReportReporter -->
<testsuite hostname="Gulshan" failures="0" tests="4" name="testNG.LearningTestNg" time="0.018" errors="0" timestamp="18 Apr 2024 18:23:15 GMT" skipped="1">
  <testcase classname="testNG.LearningTestNg" name="logout" time="0.014"/>
  <testcase classname="testNG.LearningTestNg" name="addToCart" time="0.001"/>
  <testcase classname="testNG.LearningTestNg" name="register" time="0.003"/>
  <testcase classname="testNG.LearningTestNg" name="loginTest">
    <skipped/>
  </testcase> <!-- loginTest -->
</testsuite> <!-- testNG.LearningTestNg -->
