<?xml version="1.0" encoding="UTF-8"?>
<!-- Generated by org.testng.reporters.JUnitReportReporter -->
<testsuite hostname="Gulshan" failures="0" tests="1" name="batchExecution.PayTmFlightTicket" time="15.425" errors="0" timestamp="19 Apr 2024 09:35:04 GMT" skipped="0">
  <testcase classname="batchExecution.PayTmFlightTicket" name="payTmTicket" time="15.425"/>
</testsuite> <!-- batchExecution.PayTmFlightTicket -->
