<?xml version="1.0" encoding="UTF-8"?>
<!-- Generated by org.testng.reporters.JUnitReportReporter -->
<testsuite hostname="Gulshan" failures="0" tests="1" name="batchExecution.AirVistara" time="8.148" errors="0" timestamp="19 Apr 2024 09:35:04 GMT" skipped="0">
  <testcase classname="batchExecution.AirVistara" name="airVistara" time="8.148"/>
</testsuite> <!-- batchExecution.AirVistara -->
