<?xml version="1.0" encoding="UTF-8"?>
<!-- Generated by org.testng.reporters.JUnitReportReporter -->
<testsuite hostname="Gulshan" failures="0" tests="1" name="batchExecution.FetchingCurrentDate" time="0.032" errors="0" timestamp="19 Apr 2024 08:49:40 GMT" skipped="0">
  <testcase classname="batchExecution.FetchingCurrentDate" name="currentDate" time="0.032"/>
</testsuite> <!-- batchExecution.FetchingCurrentDate -->
